0 info it worked if it ends with ok
1 verbose cli [ 'node', '/Users/chrisk/npm/bin/npm', 'start' ]
2 info using npm@1.4.6
3 info using node@v0.10.26
4 verbose node symlink /usr/local/bin/node
5 verbose run-script [ 'prestart', 'start', 'poststart' ]
6 info prestart coconut@0.0.1
7 info start coconut@0.0.1
8 verbose unsafe-perm in lifecycle true
9 info coconut@0.0.1 Failed to exec start script
10 error coconut@0.0.1 start: `http-server -p 9000 _attachments --silent & grunt watch & watchr pouch.watchr`
10 error Exit status 1
11 error Failed at the coconut@0.0.1 start script.
11 error This is most likely a problem with the coconut package,
11 error not with npm itself.
11 error Tell the author that this fails on your system:
11 error     http-server -p 9000 _attachments --silent & grunt watch & watchr pouch.watchr
11 error You can get their info via:
11 error     npm owner ls coconut
11 error There is likely additional logging output above.
12 error System Darwin 13.4.0
13 error command "node" "/Users/chrisk/npm/bin/npm" "start"
14 error cwd /Users/chrisk/source/coconut
15 error node -v v0.10.26
16 error npm -v 1.4.6
17 error code ELIFECYCLE
18 verbose exit [ 1, true ]
